{"uuid":"8f896255-4169-45de-9fcf-0f312aff96c9","historyId":"43daaffcf6f958927234922fb4304744","testCaseId":"[engine:junit-jupiter]/[class:ui.CreateAccountTest]/[method:userCanCreateAccountTest()]","testCaseName":"userCanCreateAccountTest()","fullName":"ui.CreateAccountTest.userCanCreateAccountTest","labels":[{"name":"junit.platform.uniqueid","value":"[engine:junit-jupiter]/[class:ui.CreateAccountTest]/[method:userCanCreateAccountTest()]"},{"name":"host","value":"spolishevskyi-mPL"},{"name":"thread","value":"20491@spolishevskyi-mPL.ForkJoinPool-1-worker-4(35)"},{"name":"framework","value":"junit-platform"},{"name":"language","value":"java"},{"name":"package","value":"ui.CreateAccountTest"},{"name":"testClass","value":"ui.CreateAccountTest"},{"name":"testMethod","value":"userCanCreateAccountTest"},{"name":"suite","value":"ui.CreateAccountTest"}],"links":[],"name":"userCanCreateAccountTest()","status":"failed","statusDetails":{"known":false,"muted":false,"flaky":false,"message":"1 expectation failed.\nExpected status code <200> but was <401>.\n","trace":"java.lang.AssertionError: 1 expectation failed.\nExpected status code <200> but was <401>.\n\n\tat java.base/java.lang.reflect.Constructor.newInstanceWithCaller(Constructor.java:502)\n\tat java.base/java.lang.reflect.Constructor.newInstance(Constructor.java:486)\n\tat org.codehaus.groovy.reflection.CachedConstructor.invoke(CachedConstructor.java:73)\n\tat org.codehaus.groovy.runtime.callsite.ConstructorSite$ConstructorSiteNoUnwrapNoCoerce.callConstructor(ConstructorSite.java:108)\n\tat org.codehaus.groovy.runtime.callsite.AbstractCallSite.callConstructor(AbstractCallSite.java:277)\n\tat io.restassured.internal.ResponseSpecificationImpl$HamcrestAssertionClosure.validate(ResponseSpecificationImpl.groovy:512)\n\tat io.restassured.internal.ResponseSpecificationImpl$HamcrestAssertionClosure$validate$9.call(Unknown Source)\n\tat io.restassured.internal.ResponseSpecificationImpl.validate(ResponseSpecificationImpl.groovy:101)\n\tat io.restassured.internal.ValidatableResponseOptionsImpl.spec(ValidatableResponseOptionsImpl.java:288)\n\tat api.requests.skelethon.requesters.CrudRequester.lambda$post$0(CrudRequester.java:34)\n\tat common.helpers.StepLogger.lambda$log$0(StepLogger.java:17)\n\tat io.qameta.allure.Allure.lambda$step$1(Allure.java:127)\n\tat io.qameta.allure.Allure.step(Allure.java:181)\n\tat io.qameta.allure.Allure.step(Allure.java:125)\n\tat common.helpers.StepLogger.log(StepLogger.java:17)\n\tat api.requests.skelethon.requesters.CrudRequester.post(CrudRequester.java:26)\n\tat api.specs.RequestSpecs.getUserAuthHeader(RequestSpecs.java:63)\n\tat ui.pages.BasePage.authAsUser(BasePage.java:49)\n\tat ui.pages.BasePage.authAsUser(BasePage.java:54)\n\tat common.extensions.UserSessionExtension.beforeEach(UserSessionExtension.java:35)\n\tat java.base/java.util.concurrent.RecursiveAction.exec(RecursiveAction.java:194)\n\tat java.base/java.util.concurrent.ForkJoinTask.doExec(ForkJoinTask.java:387)\n\tat java.base/java.util.concurrent.ForkJoinPool$WorkQueue.topLevelExec(ForkJoinPool.java:1312)\n\tat java.base/java.util.concurrent.ForkJoinPool.scan(ForkJoinPool.java:1843)\n\tat java.base/java.util.concurrent.ForkJoinPool.runWorker(ForkJoinPool.java:1808)\n\tat java.base/java.util.concurrent.ForkJoinWorkerThread.run(ForkJoinWorkerThread.java:188)\n"},"stage":"finished","description":"","steps":[{"name":"Admin creates user rTHrfh7YXrHn","status":"passed","stage":"finished","steps":[{"name":"POST request to /admin/users","status":"passed","stage":"finished","steps":[],"attachments":[{"name":"Request","source":"f7d53be4-1ffb-48ff-ab64-b103b315a293-attachment.html","type":"text/html"},{"name":"HTTP/1.1 201 ","source":"78b37bb8-d48e-4df8-9dcf-3739dc00aaa1-attachment.html","type":"text/html"}],"parameters":[],"start":1754589215193,"stop":1754589215875}],"attachments":[],"parameters":[],"start":1754589214894,"stop":1754589215892},{"name":"$(\"open\") http://localhost:3000/","status":"passed","stage":"finished","steps":[{"name":"$(\"webdriver\") create()","status":"passed","stage":"finished","steps":[],"attachments":[],"parameters":[],"start":1754589215892,"stop":1754589276448}],"attachments":[],"parameters":[],"start":1754589215892,"stop":1754589276500},{"name":"POST request to /auth/login","status":"failed","statusDetails":{"known":false,"muted":false,"flaky":false,"message":"1 expectation failed.\nExpected status code <200> but was <401>.\n","trace":"java.lang.AssertionError: 1 expectation failed.\nExpected status code <200> but was <401>.\n\n\tat java.base/jdk.internal.reflect.DirectConstructorHandleAccessor.newInstance(DirectConstructorHandleAccessor.java:62)\n\tat java.base/java.lang.reflect.Constructor.newInstanceWithCaller(Constructor.java:502)\n\tat java.base/java.lang.reflect.Constructor.newInstance(Constructor.java:486)\n\tat org.codehaus.groovy.reflection.CachedConstructor.invoke(CachedConstructor.java:73)\n\tat org.codehaus.groovy.runtime.callsite.ConstructorSite$ConstructorSiteNoUnwrapNoCoerce.callConstructor(ConstructorSite.java:108)\n\tat org.codehaus.groovy.runtime.callsite.AbstractCallSite.callConstructor(AbstractCallSite.java:277)\n\tat io.restassured.internal.ResponseSpecificationImpl$HamcrestAssertionClosure.validate(ResponseSpecificationImpl.groovy:512)\n\tat io.restassured.internal.ResponseSpecificationImpl$HamcrestAssertionClosure$validate$9.call(Unknown Source)\n\tat io.restassured.internal.ResponseSpecificationImpl.validate(ResponseSpecificationImpl.groovy:101)\n\tat io.restassured.internal.ValidatableResponseOptionsImpl.spec(ValidatableResponseOptionsImpl.java:288)\n\tat api.requests.skelethon.requesters.CrudRequester.lambda$post$0(CrudRequester.java:34)\n\tat common.helpers.StepLogger.lambda$log$0(StepLogger.java:17)\n\tat io.qameta.allure.Allure.lambda$step$1(Allure.java:127)\n\tat io.qameta.allure.Allure.step(Allure.java:181)\n\tat io.qameta.allure.Allure.step(Allure.java:125)\n\tat common.helpers.StepLogger.log(StepLogger.java:17)\n\tat api.requests.skelethon.requesters.CrudRequester.post(CrudRequester.java:26)\n\tat api.specs.RequestSpecs.getUserAuthHeader(RequestSpecs.java:63)\n\tat ui.pages.BasePage.authAsUser(BasePage.java:49)\n\tat ui.pages.BasePage.authAsUser(BasePage.java:54)\n\tat common.extensions.UserSessionExtension.beforeEach(UserSessionExtension.java:35)\n\tat org.junit.jupiter.engine.descriptor.TestMethodTestDescriptor.lambda$invokeBeforeEachCallbacks$2(TestMethodTestDescriptor.java:167)\n\tat org.junit.jupiter.engine.descriptor.TestMethodTestDescriptor.lambda$invokeBeforeMethodsOrCallbacksUntilExceptionOccurs$6(TestMethodTestDescriptor.java:203)\n\tat org.junit.platform.engine.support.hierarchical.ThrowableCollector.execute(ThrowableCollector.java:73)\n\tat org.junit.jupiter.engine.descriptor.TestMethodTestDescriptor.invokeBeforeMethodsOrCallbacksUntilExceptionOccurs(TestMethodTestDescriptor.java:203)\n\tat org.junit.jupiter.engine.descriptor.TestMethodTestDescriptor.invokeBeforeEachCallbacks(TestMethodTestDescriptor.java:166)\n\tat org.junit.jupiter.engine.descriptor.TestMethodTestDescriptor.execute(TestMethodTestDescriptor.java:133)\n\tat org.junit.jupiter.engine.descriptor.TestMethodTestDescriptor.execute(TestMethodTestDescriptor.java:69)\n\tat org.junit.platform.engine.support.hierarchical.NodeTestTask.lambda$executeRecursively$6(NodeTestTask.java:151)\n\tat org.junit.platform.engine.support.hierarchical.ThrowableCollector.execute(ThrowableCollector.java:73)\n\tat org.junit.platform.engine.support.hierarchical.NodeTestTask.lambda$executeRecursively$8(NodeTestTask.java:141)\n\tat org.junit.platform.engine.support.hierarchical.Node.around(Node.java:137)\n\tat org.junit.platform.engine.support.hierarchical.NodeTestTask.lambda$executeRecursively$9(NodeTestTask.java:139)\n\tat org.junit.platform.engine.support.hierarchical.ThrowableCollector.execute(ThrowableCollector.java:73)\n\tat org.junit.platform.engine.support.hierarchical.NodeTestTask.executeRecursively(NodeTestTask.java:138)\n\tat org.junit.platform.engine.support.hierarchical.NodeTestTask.execute(NodeTestTask.java:95)\n\tat org.junit.platform.engine.support.hierarchical.ForkJoinPoolHierarchicalTestExecutorService$ExclusiveTask.compute(ForkJoinPoolHierarchicalTestExecutorService.java:202)\n\tat org.junit.platform.engine.support.hierarchical.ForkJoinPoolHierarchicalTestExecutorService.invokeAll(ForkJoinPoolHierarchicalTestExecutorService.java:146)\n\tat org.junit.platform.engine.support.hierarchical.NodeTestTask.lambda$executeRecursively$6(NodeTestTask.java:155)\n\tat org.junit.platform.engine.support.hierarchical.ThrowableCollector.execute(ThrowableCollector.java:73)\n\tat org.junit.platform.engine.support.hierarchical.NodeTestTask.lambda$executeRecursively$8(NodeTestTask.java:141)\n\tat org.junit.platform.engine.support.hierarchical.Node.around(Node.java:137)\n\tat org.junit.platform.engine.support.hierarchical.NodeTestTask.lambda$executeRecursively$9(NodeTestTask.java:139)\n\tat org.junit.platform.engine.support.hierarchical.ThrowableCollector.execute(ThrowableCollector.java:73)\n\tat org.junit.platform.engine.support.hierarchical.NodeTestTask.executeRecursively(NodeTestTask.java:138)\n\tat org.junit.platform.engine.support.hierarchical.NodeTestTask.execute(NodeTestTask.java:95)\n\tat org.junit.platform.engine.support.hierarchical.ForkJoinPoolHierarchicalTestExecutorService$ExclusiveTask.compute(ForkJoinPoolHierarchicalTestExecutorService.java:202)\n\tat java.base/java.util.concurrent.RecursiveAction.exec(RecursiveAction.java:194)\n\tat java.base/java.util.concurrent.ForkJoinTask.doExec(ForkJoinTask.java:387)\n\tat java.base/java.util.concurrent.ForkJoinPool$WorkQueue.topLevelExec(ForkJoinPool.java:1312)\n\tat java.base/java.util.concurrent.ForkJoinPool.scan(ForkJoinPool.java:1843)\n\tat java.base/java.util.concurrent.ForkJoinPool.runWorker(ForkJoinPool.java:1808)\n\tat java.base/java.util.concurrent.ForkJoinWorkerThread.run(ForkJoinWorkerThread.java:188)\n"},"stage":"finished","steps":[],"attachments":[{"name":"Request","source":"d123916a-48f8-4e22-9e1f-7d7a4720e060-attachment.html","type":"text/html"},{"name":"HTTP/1.1 401 ","source":"bf43fbe3-58b0-4a1e-8305-6e0c628abdc6-attachment.html","type":"text/html"}],"parameters":[],"start":1754589276502,"stop":1754589277885}],"attachments":[],"parameters":[],"start":1754589214880,"stop":1754589277886}